/home/ec2-user/.local/lib/python3.9/site-packages/ta/trend.py:780: RuntimeWarning: invalid value encountered in scalar divide
  dip[idx] = 100 * (self._dip[idx] / value)
/home/ec2-user/.local/lib/python3.9/site-packages/ta/trend.py:785: RuntimeWarning: invalid value encountered in scalar divide
  din[idx] = 100 * (self._din[idx] / value)
INFO:root:unhold_currency_df:            theta  stepDecimal  is_hold
symbol                                 
LQTYUSDT  -1.7932            1    False
UNFIUSDT  -1.3012            1    False
MAGICUSDT -0.9778            1    False
MCUSDT    -0.9550            2    False
MINAUSDT  -0.8482            1    False
...           ...          ...      ...
BAKEUSDT   1.0941            1    False
AVAXUSDT   1.1205            2    False
FETUSDT    1.1424            0    False
MULTIUSDT  1.1794            3    False
MLNUSDT    1.6212            3    False

[145 rows x 3 columns]
INFO:root:target_unhold_currency_df:Index(['LQTYUSDT', 'UNFIUSDT'], dtype='object', name='symbol')
/home/ec2-user/.local/lib/python3.9/site-packages/ta/trend.py:780: RuntimeWarning: invalid value encountered in scalar divide
  dip[idx] = 100 * (self._dip[idx] / value)
/home/ec2-user/.local/lib/python3.9/site-packages/ta/trend.py:785: RuntimeWarning: invalid value encountered in scalar divide
  din[idx] = 100 * (self._din[idx] / value)
INFO:root:--------------------judge_buy---------------------------
INFO:root:symbol:LQTYUSDT
INFO:root:ml_pred:0.4697315990924835
INFO:root:---------------------------------------------------------
INFO:root:--------------------judge_buy---------------------------
INFO:root:symbol:UNFIUSDT
INFO:root:ml_pred:0.4449091851711273
INFO:root:---------------------------------------------------------
INFO:root:--------------------judge_sell---------------------------
INFO:root:symbol:KNCUSDT
INFO:root:ml_pred:0.438608318567276
INFO:root:current_rtn:-0.0015649452269170592
INFO:root:---------------------------------------------------------
INFO:root:--------------------judge_sell---------------------------
INFO:root:symbol:IMXUSDT
INFO:root:ml_pred:0.43541648983955383
INFO:root:current_rtn:-0.0011267605633801577
INFO:root:---------------------------------------------------------
INFO:root:--------------------judge_sell---------------------------
INFO:root:symbol:POLSUSDT
INFO:root:ml_pred:0.4345283508300781
INFO:root:current_rtn:0.0
INFO:root:---------------------------------------------------------
INFO:root:--------------------judge_sell---------------------------
INFO:root:symbol:YGGUSDT
INFO:root:ml_pred:0.48842525482177734
INFO:root:current_rtn:-0.0017961383026493553
INFO:root:---------------------------------------------------------
INFO:root:--------------------judge_sell---------------------------
INFO:root:symbol:C98USDT
INFO:root:ml_pred:0.45850440859794617
INFO:root:current_rtn:-0.002756719503790568
INFO:root:---------------------------------------------------------
INFO:root:---------------------------
INFO:root:symbol: LQTYUSDT
INFO:root:amount: 0
INFO:root:side: hold
INFO:root:---------------------------
INFO:root:None
INFO:root:---------------------------
INFO:root:symbol: UNFIUSDT
INFO:root:amount: 0
INFO:root:side: hold
INFO:root:---------------------------
INFO:root:None
INFO:root:---------------------------
INFO:root:symbol: KNCUSDT
INFO:root:amount: 0
INFO:root:side: hold
INFO:root:---------------------------
INFO:root:None
INFO:root:---------------------------
INFO:root:symbol: IMXUSDT
INFO:root:amount: 0
INFO:root:side: hold
INFO:root:---------------------------
INFO:root:None
INFO:root:---------------------------
INFO:root:symbol: POLSUSDT
INFO:root:amount: 0
INFO:root:side: hold
INFO:root:---------------------------
INFO:root:None
INFO:root:---------------------------
INFO:root:symbol: YGGUSDT
INFO:root:amount: 0
INFO:root:side: hold
INFO:root:---------------------------
INFO:root:None
INFO:root:---------------------------
INFO:root:symbol: C98USDT
INFO:root:amount: 0
INFO:root:side: hold
INFO:root:---------------------------
INFO:root:None
INFO:root:unhold_currency_df:            theta  stepDecimal  is_hold
symbol                                 
LQTYUSDT  -1.7442            1    False
UNFIUSDT  -1.5833            1    False
MCUSDT    -1.3779            2    False
EURUSDT   -1.0215            1    False
MINAUSDT  -0.9514            1    False
...           ...          ...      ...
MULTIUSDT  1.1088            3    False
TRBUSDT    1.1231            2    False
MLNUSDT    1.3256            3    False
HARDUSDT   1.4197            0    False
FETUSDT    1.4434            0    False

[145 rows x 3 columns]
INFO:root:target_unhold_currency_df:Index(['LQTYUSDT', 'UNFIUSDT', 'MCUSDT'], dtype='object', name='symbol')
/home/ec2-user/.local/lib/python3.9/site-packages/ta/trend.py:780: RuntimeWarning: invalid value encountered in scalar divide
  dip[idx] = 100 * (self._dip[idx] / value)
/home/ec2-user/.local/lib/python3.9/site-packages/ta/trend.py:785: RuntimeWarning: invalid value encountered in scalar divide
  din[idx] = 100 * (self._din[idx] / value)
INFO:root:--------------------judge_buy---------------------------
INFO:root:symbol:LQTYUSDT
INFO:root:ml_pred:0.49232861399650574
INFO:root:---------------------------------------------------------
INFO:root:--------------------judge_buy---------------------------
INFO:root:symbol:UNFIUSDT
INFO:root:ml_pred:0.4906406104564667
INFO:root:---------------------------------------------------------
INFO:root:--------------------judge_buy---------------------------
INFO:root:symbol:MCUSDT
INFO:root:ml_pred:0.5066654086112976
INFO:root:---------------------------------------------------------
INFO:root:--------------------judge_sell---------------------------
INFO:root:symbol:KNCUSDT
INFO:root:ml_pred:0.4867430627346039
INFO:root:current_rtn:-0.0031298904538341185
INFO:root:---------------------------------------------------------
INFO:root:--------------------judge_sell---------------------------
INFO:root:symbol:IMXUSDT
INFO:root:ml_pred:0.5133527517318726
INFO:root:current_rtn:-0.004694835680751074
INFO:root:---------------------------------------------------------
INFO:root:--------------------judge_sell---------------------------
INFO:root:symbol:POLSUSDT
INFO:root:ml_pred:0.44544729590415955
INFO:root:current_rtn:-0.0014614541468761836
INFO:root:---------------------------------------------------------
INFO:root:--------------------judge_sell---------------------------
INFO:root:symbol:YGGUSDT
INFO:root:ml_pred:0.4851052463054657
INFO:root:current_rtn:-0.00044903457566240117
INFO:root:---------------------------------------------------------
INFO:root:--------------------judge_sell---------------------------
INFO:root:symbol:C98USDT
INFO:root:ml_pred:0.48646125197410583
INFO:root:current_rtn:0.0
INFO:root:---------------------------------------------------------
INFO:root:---------------------------
INFO:root:symbol: LQTYUSDT
INFO:root:amount: 0
INFO:root:side: hold
INFO:root:---------------------------
INFO:root:None
INFO:root:---------------------------
INFO:root:symbol: UNFIUSDT
INFO:root:amount: 0
INFO:root:side: hold
INFO:root:---------------------------
INFO:root:None
INFO:root:---------------------------
INFO:root:symbol: MCUSDT
INFO:root:amount: 0
INFO:root:side: hold
INFO:root:---------------------------
INFO:root:None
INFO:root:---------------------------
INFO:root:symbol: KNCUSDT
INFO:root:amount: 0
INFO:root:side: hold
INFO:root:---------------------------
INFO:root:None
INFO:root:---------------------------
INFO:root:symbol: IMXUSDT
INFO:root:amount: 0
INFO:root:side: hold
INFO:root:---------------------------
INFO:root:None
INFO:root:---------------------------
INFO:root:symbol: POLSUSDT
INFO:root:amount: 0
INFO:root:side: hold
INFO:root:---------------------------
INFO:root:None
INFO:root:---------------------------
INFO:root:symbol: YGGUSDT
INFO:root:amount: 0
INFO:root:side: hold
INFO:root:---------------------------
INFO:root:None
INFO:root:---------------------------
INFO:root:symbol: C98USDT
INFO:root:amount: 0
INFO:root:side: hold
INFO:root:---------------------------
INFO:root:None
INFO:root:unhold_currency_df:            theta  stepDecimal  is_hold
symbol                                 
LQTYUSDT  -1.3345            1    False
UNFIUSDT  -1.1720            1    False
MOVRUSDT  -1.0108            3    False
MCUSDT    -0.8955            2    False
QUICKUSDT -0.6198            0    False
...           ...          ...      ...
TRBUSDT    1.2583            2    False
FETUSDT    1.3860            0    False
EGLDUSDT   1.4011            2    False
HARDUSDT   1.4914            0    False
CREAMUSDT  1.6783            3    False

[145 rows x 3 columns]
INFO:root:target_unhold_currency_df:Index(['LQTYUSDT'], dtype='object', name='symbol')
/home/ec2-user/.local/lib/python3.9/site-packages/ta/trend.py:780: RuntimeWarning: invalid value encountered in scalar divide
  dip[idx] = 100 * (self._dip[idx] / value)
/home/ec2-user/.local/lib/python3.9/site-packages/ta/trend.py:785: RuntimeWarning: invalid value encountered in scalar divide
  din[idx] = 100 * (self._din[idx] / value)
INFO:root:--------------------judge_buy---------------------------
INFO:root:symbol:LQTYUSDT
INFO:root:ml_pred:0.4793502390384674
INFO:root:---------------------------------------------------------
INFO:root:--------------------judge_sell---------------------------
INFO:root:symbol:KNCUSDT
INFO:root:ml_pred:0.43843966722488403
INFO:root:current_rtn:0.0
INFO:root:---------------------------------------------------------
INFO:root:--------------------judge_sell---------------------------
INFO:root:symbol:IMXUSDT
INFO:root:ml_pred:0.46984609961509705
INFO:root:current_rtn:-0.004319248826291021
INFO:root:---------------------------------------------------------
INFO:root:--------------------judge_sell---------------------------
INFO:root:symbol:POLSUSDT
INFO:root:ml_pred:0.4174719452857971
INFO:root:current_rtn:0.0003653635367189952
INFO:root:---------------------------------------------------------
INFO:root:--------------------judge_sell---------------------------
INFO:root:symbol:YGGUSDT
INFO:root:ml_pred:0.44620975852012634
INFO:root:current_rtn:0.004490345756623264
INFO:root:---------------------------------------------------------
INFO:root:--------------------judge_sell---------------------------
INFO:root:symbol:C98USDT
INFO:root:ml_pred:0.4333598017692566
INFO:root:current_rtn:0.002756719503790377
INFO:root:---------------------------------------------------------
INFO:root:---------------------------
INFO:root:symbol: LQTYUSDT
INFO:root:amount: 0
INFO:root:side: hold
INFO:root:---------------------------
INFO:root:None
INFO:root:---------------------------
INFO:root:symbol: KNCUSDT
INFO:root:amount: 0
INFO:root:side: hold
INFO:root:---------------------------
INFO:root:None
INFO:root:---------------------------
INFO:root:symbol: IMXUSDT
INFO:root:amount: 0
INFO:root:side: hold
INFO:root:---------------------------
INFO:root:None
INFO:root:---------------------------
INFO:root:symbol: POLSUSDT
INFO:root:amount: 0
INFO:root:side: hold
INFO:root:---------------------------
INFO:root:None
INFO:root:---------------------------
INFO:root:symbol: YGGUSDT
INFO:root:amount: 0
INFO:root:side: hold
INFO:root:---------------------------
INFO:root:None
INFO:root:---------------------------
INFO:root:symbol: C98USDT
INFO:root:amount: 0
INFO:root:side: hold
INFO:root:---------------------------
INFO:root:None
